Determining if the pthread_create exist failed with the following output:
Change Dir: /usr/prakt/s151/cuda_ss17/framework/build_cmake/CMakeFiles/CMakeTmp

Run Build Command:"/usr/bin/make" "cmTC_d559d/fast"
/usr/bin/make -f CMakeFiles/cmTC_d559d.dir/build.make CMakeFiles/cmTC_d559d.dir/build
make[1]: Entering directory '/usr/prakt/s151/cuda_ss17/framework/build_cmake/CMakeFiles/CMakeTmp'
Building C object CMakeFiles/cmTC_d559d.dir/CheckSymbolExists.c.o
/usr/bin/cc    -fPIC    -o CMakeFiles/cmTC_d559d.dir/CheckSymbolExists.c.o   -c /usr/prakt/s151/cuda_ss17/framework/build_cmake/CMakeFiles/CMakeTmp/CheckSymbolExists.c
Linking C executable cmTC_d559d
/usr/bin/cmake -E cmake_link_script CMakeFiles/cmTC_d559d.dir/link.txt --verbose=1
/usr/bin/cc  -fPIC     CMakeFiles/cmTC_d559d.dir/CheckSymbolExists.c.o  -o cmTC_d559d -rdynamic 
CMakeFiles/cmTC_d559d.dir/CheckSymbolExists.c.o: In function `main':
CheckSymbolExists.c:(.text+0x1b): undefined reference to `pthread_create'
collect2: error: ld returned 1 exit status
CMakeFiles/cmTC_d559d.dir/build.make:97: recipe for target 'cmTC_d559d' failed
make[1]: *** [cmTC_d559d] Error 1
make[1]: Leaving directory '/usr/prakt/s151/cuda_ss17/framework/build_cmake/CMakeFiles/CMakeTmp'
Makefile:126: recipe for target 'cmTC_d559d/fast' failed
make: *** [cmTC_d559d/fast] Error 2

File /usr/prakt/s151/cuda_ss17/framework/build_cmake/CMakeFiles/CMakeTmp/CheckSymbolExists.c:
/* */
#include <pthread.h>

int main(int argc, char** argv)
{
  (void)argv;
#ifndef pthread_create
  return ((int*)(&pthread_create))[argc];
#else
  (void)argc;
  return 0;
#endif
}

Determining if the function pthread_create exists in the pthreads failed with the following output:
Change Dir: /usr/prakt/s151/cuda_ss17/framework/build_cmake/CMakeFiles/CMakeTmp

Run Build Command:"/usr/bin/make" "cmTC_fae68/fast"
/usr/bin/make -f CMakeFiles/cmTC_fae68.dir/build.make CMakeFiles/cmTC_fae68.dir/build
make[1]: Entering directory '/usr/prakt/s151/cuda_ss17/framework/build_cmake/CMakeFiles/CMakeTmp'
Building C object CMakeFiles/cmTC_fae68.dir/CheckFunctionExists.c.o
/usr/bin/cc    -fPIC -DCHECK_FUNCTION_EXISTS=pthread_create   -o CMakeFiles/cmTC_fae68.dir/CheckFunctionExists.c.o   -c /usr/share/cmake-3.5/Modules/CheckFunctionExists.c
Linking C executable cmTC_fae68
/usr/bin/cmake -E cmake_link_script CMakeFiles/cmTC_fae68.dir/link.txt --verbose=1
/usr/bin/cc  -fPIC -DCHECK_FUNCTION_EXISTS=pthread_create    CMakeFiles/cmTC_fae68.dir/CheckFunctionExists.c.o  -o cmTC_fae68 -rdynamic -lpthreads 
/usr/bin/ld: cannot find -lpthreads
collect2: error: ld returned 1 exit status
CMakeFiles/cmTC_fae68.dir/build.make:97: recipe for target 'cmTC_fae68' failed
make[1]: *** [cmTC_fae68] Error 1
make[1]: Leaving directory '/usr/prakt/s151/cuda_ss17/framework/build_cmake/CMakeFiles/CMakeTmp'
Makefile:126: recipe for target 'cmTC_fae68/fast' failed
make: *** [cmTC_fae68/fast] Error 2


