Determining if the pthread_create exist failed with the following output:
Change Dir: /usr/prakt/s151/gpu_programming/session_4/exercise_15/framework/build_cmake/CMakeFiles/CMakeTmp

Run Build Command:"/usr/bin/make" "cmTC_8443c/fast"
/usr/bin/make -f CMakeFiles/cmTC_8443c.dir/build.make CMakeFiles/cmTC_8443c.dir/build
make[1]: Entering directory '/usr/prakt/s151/gpu_programming/session_4/exercise_15/framework/build_cmake/CMakeFiles/CMakeTmp'
Building C object CMakeFiles/cmTC_8443c.dir/CheckSymbolExists.c.o
/usr/bin/cc    -fPIC    -o CMakeFiles/cmTC_8443c.dir/CheckSymbolExists.c.o   -c /usr/prakt/s151/gpu_programming/session_4/exercise_15/framework/build_cmake/CMakeFiles/CMakeTmp/CheckSymbolExists.c
Linking C executable cmTC_8443c
/usr/bin/cmake -E cmake_link_script CMakeFiles/cmTC_8443c.dir/link.txt --verbose=1
/usr/bin/cc  -fPIC     CMakeFiles/cmTC_8443c.dir/CheckSymbolExists.c.o  -o cmTC_8443c -rdynamic 
CMakeFiles/cmTC_8443c.dir/CheckSymbolExists.c.o: In function `main':
CheckSymbolExists.c:(.text+0x1b): undefined reference to `pthread_create'
collect2: error: ld returned 1 exit status
CMakeFiles/cmTC_8443c.dir/build.make:97: recipe for target 'cmTC_8443c' failed
make[1]: *** [cmTC_8443c] Error 1
make[1]: Leaving directory '/usr/prakt/s151/gpu_programming/session_4/exercise_15/framework/build_cmake/CMakeFiles/CMakeTmp'
Makefile:126: recipe for target 'cmTC_8443c/fast' failed
make: *** [cmTC_8443c/fast] Error 2

File /usr/prakt/s151/gpu_programming/session_4/exercise_15/framework/build_cmake/CMakeFiles/CMakeTmp/CheckSymbolExists.c:
/* */
#include <pthread.h>

int main(int argc, char** argv)
{
  (void)argv;
#ifndef pthread_create
  return ((int*)(&pthread_create))[argc];
#else
  (void)argc;
  return 0;
#endif
}

Determining if the function pthread_create exists in the pthreads failed with the following output:
Change Dir: /usr/prakt/s151/gpu_programming/session_4/exercise_15/framework/build_cmake/CMakeFiles/CMakeTmp

Run Build Command:"/usr/bin/make" "cmTC_4a935/fast"
/usr/bin/make -f CMakeFiles/cmTC_4a935.dir/build.make CMakeFiles/cmTC_4a935.dir/build
make[1]: Entering directory '/usr/prakt/s151/gpu_programming/session_4/exercise_15/framework/build_cmake/CMakeFiles/CMakeTmp'
Building C object CMakeFiles/cmTC_4a935.dir/CheckFunctionExists.c.o
/usr/bin/cc    -fPIC -DCHECK_FUNCTION_EXISTS=pthread_create   -o CMakeFiles/cmTC_4a935.dir/CheckFunctionExists.c.o   -c /usr/share/cmake-3.5/Modules/CheckFunctionExists.c
Linking C executable cmTC_4a935
/usr/bin/cmake -E cmake_link_script CMakeFiles/cmTC_4a935.dir/link.txt --verbose=1
/usr/bin/cc  -fPIC -DCHECK_FUNCTION_EXISTS=pthread_create    CMakeFiles/cmTC_4a935.dir/CheckFunctionExists.c.o  -o cmTC_4a935 -rdynamic -lpthreads 
/usr/bin/ld: cannot find -lpthreads
collect2: error: ld returned 1 exit status
CMakeFiles/cmTC_4a935.dir/build.make:97: recipe for target 'cmTC_4a935' failed
make[1]: *** [cmTC_4a935] Error 1
make[1]: Leaving directory '/usr/prakt/s151/gpu_programming/session_4/exercise_15/framework/build_cmake/CMakeFiles/CMakeTmp'
Makefile:126: recipe for target 'cmTC_4a935/fast' failed
make: *** [cmTC_4a935/fast] Error 2


